<?xml version="1.0" encoding="UTF-8"?>
<testsuite xmlns:xsi="http://www.w3.org/2001/XMLSchema-instance" xsi:noNamespaceSchemaLocation="https://maven.apache.org/surefire/maven-surefire-plugin/xsd/surefire-test-report.xsd" version="3.0.2" name="com.warmpawz.booking.service.BookingServiceImplOtpTest" time="0.086" tests="8" errors="0" skipped="0" failures="0">
  <properties>
[...]
</properties>
  <testcase name="generateOtpReturnsExistingWithoutRegenerating" classname="com.warmpawz.booking.service.BookingServiceImplOtpTest" time="0.01">
    <system-out><![CDATA[2026-05-21 17:15:53 [main] INFO  c.w.b.s.s.BookingServiceImpl - event=otp_retrieved bookingId=be2e54dc-f662-42c4-a2ef-4b061ec6b757
]]></system-out>
  </testcase>
  <testcase name="verifyOtpSucceedsForOwningVendorAndResetsAttempts" classname="com.warmpawz.booking.service.BookingServiceImplOtpTest" time="0.015">
    <system-out><![CDATA[2026-05-21 17:15:53 [main] INFO  c.w.b.s.s.BookingServiceImpl - event=otp_verified bookingId=19df3a85-abb1-4448-870c-15b7ee8f9da1
]]></system-out>
  </testcase>
  <testcase name="generateOtpAllowsCustomerAndStoresFourDigitCode" classname="com.warmpawz.booking.service.BookingServiceImplOtpTest" time="0.013">
    <system-out><![CDATA[2026-05-21 17:15:53 [main] INFO  c.w.b.s.s.BookingServiceImpl - event=otp_generated bookingId=0d63d916-da60-45e2-88ee-45f2e9d38744
]]></system-out>
  </testcase>
  <testcase name="verifyOtpRejectsWrongVendor" classname="com.warmpawz.booking.service.BookingServiceImplOtpTest" time="0.007"/>
  <testcase name="generateOtpRateLimitAfterMaxNewGenerations" classname="com.warmpawz.booking.service.BookingServiceImplOtpTest" time="0.015">
    <system-out><![CDATA[2026-05-21 17:15:53 [main] INFO  c.w.b.s.s.BookingServiceImpl - event=otp_generated bookingId=7b8c39e8-95e4-4bea-8ef7-ed52b4f4ea0a
2026-05-21 17:15:53 [main] INFO  c.w.b.s.s.BookingServiceImpl - event=otp_generated bookingId=7b8c39e8-95e4-4bea-8ef7-ed52b4f4ea0a
]]></system-out>
  </testcase>
  <testcase name="verifyOtpLocksAfterMaxFailedAttempts" classname="com.warmpawz.booking.service.BookingServiceImplOtpTest" time="0.006"/>
  <testcase name="generateOtpSkipsTeleServiceTypes" classname="com.warmpawz.booking.service.BookingServiceImplOtpTest" time="0.006"/>
  <testcase name="generateOtpRejectsUnrelatedPrincipal" classname="com.warmpawz.booking.service.BookingServiceImplOtpTest" time="0.005"/>
</testsuite>