-------------------------------------------------------------------------------
Test set: com.warmpawz.customer.controller.CustomerApiCompatibilityControllerTest
-------------------------------------------------------------------------------
Tests run: 15, Failures: 2, Errors: 0, Skipped: 0, Time elapsed: 6.279 s <<< FAILURE! -- in com.warmpawz.customer.controller.CustomerApiCompatibilityControllerTest
com.warmpawz.customer.controller.CustomerApiCompatibilityControllerTest.phoneAliasUpdateDeleteEnforceOwnership -- Time elapsed: 0.486 s <<< FAILURE!
java.lang.AssertionError: Status expected:<404> but was:<400>
	at org.springframework.test.util.AssertionErrors.fail(AssertionErrors.java:61)
	at org.springframework.test.util.AssertionErrors.assertEquals(AssertionErrors.java:128)
	at org.springframework.test.web.servlet.result.StatusResultMatchers.lambda$matcher$9(StatusResultMatchers.java:640)
	at org.springframework.test.web.servlet.MockMvc$1.andExpect(MockMvc.java:214)
	at com.warmpawz.customer.controller.CustomerApiCompatibilityControllerTest.phoneAliasUpdateDeleteEnforceOwnership(CustomerApiCompatibilityControllerTest.java:274)
	at java.base/java.lang.reflect.Method.invoke(Method.java:565)
	at java.base/java.util.ArrayList.forEach(ArrayList.java:1612)
	at java.base/java.util.ArrayList.forEach(ArrayList.java:1612)

com.warmpawz.customer.controller.CustomerApiCompatibilityControllerTest.supportsAddressRoutesOldAndNew -- Time elapsed: 0.042 s <<< FAILURE!
java.lang.AssertionError: Status expected:<200> but was:<400>
	at org.springframework.test.util.AssertionErrors.fail(AssertionErrors.java:61)
	at org.springframework.test.util.AssertionErrors.assertEquals(AssertionErrors.java:128)
	at org.springframework.test.web.servlet.result.StatusResultMatchers.lambda$matcher$9(StatusResultMatchers.java:640)
	at org.springframework.test.web.servlet.MockMvc$1.andExpect(MockMvc.java:214)
	at com.warmpawz.customer.controller.CustomerApiCompatibilityControllerTest.supportsAddressRoutesOldAndNew(CustomerApiCompatibilityControllerTest.java:206)
	at java.base/java.lang.reflect.Method.invoke(Method.java:565)
	at java.base/java.util.ArrayList.forEach(ArrayList.java:1612)
	at java.base/java.util.ArrayList.forEach(ArrayList.java:1612)

